<?xml version="1.0" encoding="UTF-8"?>
<testsuite name="com.useunloq.offers.core.OfferEngineTest" tests="3" skipped="0" failures="0" errors="0" timestamp="2026-07-01T11:21:09" hostname="Aashishs-MacBook-Pro.local" time="0.02">
  <properties/>
  <testcase name="evaluate requires initialization and user[jvm]" classname="com.useunloq.offers.core.OfferEngineTest" time="0.013"/>
  <testcase name="evaluate returns non eligible copy below threshold[jvm]" classname="com.useunloq.offers.core.OfferEngineTest" time="0.006"/>
  <testcase name="evaluate builds widget url and eligibility from shared state[jvm]" classname="com.useunloq.offers.core.OfferEngineTest" time="0.001"/>
  <system-out><![CDATA[]]></system-out>
  <system-err><![CDATA[]]></system-err>
</testsuite>
